<?xml version="1.0" encoding="UTF-8"?>
<!-- Generated by org.testng.reporters.JUnitReportReporter -->
<testsuite hostname="Joanna" failures="0" tests="44" name="runner.DsAlgoTestNGRunner" time="66.030" errors="0" timestamp="2024-11-26T15:34:11 GMT-05:00" skipped="0">
  <testcase classname="runner.DsAlgoTestNGRunner" name="runScenario" time="0.919"/>
  <testcase classname="runner.DsAlgoTestNGRunner" name="runScenario" time="4.973"/>
  <testcase classname="runner.DsAlgoTestNGRunner" name="runScenario" time="2.527"/>
  <testcase classname="runner.DsAlgoTestNGRunner" name="runScenario" time="0.322"/>
  <testcase classname="runner.DsAlgoTestNGRunner" name="runScenario" time="0.392"/>
  <testcase classname="runner.DsAlgoTestNGRunner" name="runScenario" time="1.656"/>
  <testcase classname="runner.DsAlgoTestNGRunner" name="runScenario" time="4.560"/>
  <testcase classname="runner.DsAlgoTestNGRunner" name="runScenario" time="1.044"/>
  <testcase classname="runner.DsAlgoTestNGRunner" name="runScenario" time="1.960"/>
  <testcase classname="runner.DsAlgoTestNGRunner" name="runScenario" time="2.347"/>
  <testcase classname="runner.DsAlgoTestNGRunner" name="runScenario" time="1.532"/>
  <testcase classname="runner.DsAlgoTestNGRunner" name="runScenario" time="0.979"/>
  <testcase classname="runner.DsAlgoTestNGRunner" name="runScenario" time="0.521"/>
  <testcase classname="runner.DsAlgoTestNGRunner" name="runScenario" time="0.606"/>
  <testcase classname="runner.DsAlgoTestNGRunner" name="runScenario" time="2.654"/>
  <testcase classname="runner.DsAlgoTestNGRunner" name="runScenario" time="1.931"/>
  <testcase classname="runner.DsAlgoTestNGRunner" name="runScenario" time="1.214"/>
  <testcase classname="runner.DsAlgoTestNGRunner" name="runScenario" time="0.624"/>
  <testcase classname="runner.DsAlgoTestNGRunner" name="runScenario" time="1.674"/>
  <testcase classname="runner.DsAlgoTestNGRunner" name="runScenario" time="0.506"/>
  <testcase classname="runner.DsAlgoTestNGRunner" name="runScenario" time="1.173"/>
  <testcase classname="runner.DsAlgoTestNGRunner" name="runScenario" time="1.560"/>
  <testcase classname="runner.DsAlgoTestNGRunner" name="runScenario" time="2.578"/>
  <testcase classname="runner.DsAlgoTestNGRunner" name="runScenario" time="1.423"/>
  <testcase classname="runner.DsAlgoTestNGRunner" name="runScenario" time="0.581"/>
  <testcase classname="runner.DsAlgoTestNGRunner" name="runScenario" time="1.189"/>
  <testcase classname="runner.DsAlgoTestNGRunner" name="runScenario" time="0.385"/>
  <testcase classname="runner.DsAlgoTestNGRunner" name="runScenario" time="0.711"/>
  <testcase classname="runner.DsAlgoTestNGRunner" name="runScenario" time="0.490"/>
  <testcase classname="runner.DsAlgoTestNGRunner" name="runScenario" time="2.374"/>
  <testcase classname="runner.DsAlgoTestNGRunner" name="runScenario" time="0.575"/>
  <testcase classname="runner.DsAlgoTestNGRunner" name="runScenario" time="3.585"/>
  <testcase classname="runner.DsAlgoTestNGRunner" name="runScenario" time="0.388"/>
  <testcase classname="runner.DsAlgoTestNGRunner" name="runScenario" time="1.671"/>
  <testcase classname="runner.DsAlgoTestNGRunner" name="runScenario" time="1.324"/>
  <testcase classname="runner.DsAlgoTestNGRunner" name="runScenario" time="2.136"/>
  <testcase classname="runner.DsAlgoTestNGRunner" name="runScenario" time="0.397"/>
  <testcase classname="runner.DsAlgoTestNGRunner" name="runScenario" time="0.399"/>
  <testcase classname="runner.DsAlgoTestNGRunner" name="runScenario" time="1.881"/>
  <testcase classname="runner.DsAlgoTestNGRunner" name="runScenario" time="1.390"/>
  <testcase classname="runner.DsAlgoTestNGRunner" name="runScenario" time="3.732"/>
  <testcase classname="runner.DsAlgoTestNGRunner" name="runScenario" time="0.402"/>
  <testcase classname="runner.DsAlgoTestNGRunner" name="runScenario" time="0.600"/>
  <testcase classname="runner.DsAlgoTestNGRunner" name="runScenario" time="2.145"/>
</testsuite> <!-- runner.DsAlgoTestNGRunner -->
