<?xml version="1.0" encoding="UTF-8"?>
<!-- Generated by org.testng.reporters.JUnitReportReporter -->
<testsuite hostname="Joanna" failures="2" tests="135" name="runner.DsAlgoTestNGRunner" time="273.607" errors="1" timestamp="2024-11-26T20:00:26 GMT-05:00" skipped="0">
  <testcase classname="runner.DsAlgoTestNGRunner" name="runScenario" time="0.646"/>
  <testcase classname="runner.DsAlgoTestNGRunner" name="runScenario" time="1.565"/>
  <testcase classname="runner.DsAlgoTestNGRunner" name="runScenario" time="2.727"/>
  <testcase classname="runner.DsAlgoTestNGRunner" name="runScenario" time="1.219"/>
  <testcase classname="runner.DsAlgoTestNGRunner" name="runScenario" time="3.796"/>
  <testcase classname="runner.DsAlgoTestNGRunner" name="runScenario" time="0.622"/>
  <testcase classname="runner.DsAlgoTestNGRunner" name="runScenario" time="4.705"/>
  <testcase classname="runner.DsAlgoTestNGRunner" name="runScenario" time="0.621"/>
  <testcase classname="runner.DsAlgoTestNGRunner" name="runScenario" time="2.712"/>
  <testcase classname="runner.DsAlgoTestNGRunner" name="runScenario" time="0.680">
    <failure message="expected [ Practice Questions ] but found [Practice Questions]" type="java.lang.AssertionError">
      <![CDATA[java.lang.AssertionError: expected [ Practice Questions ] but found [Practice Questions]
at org.testng.Assert.fail(Assert.java:111)
at org.testng.Assert.failNotEquals(Assert.java:1578)
at org.testng.Assert.assertEqualsImpl(Assert.java:150)
at org.testng.Assert.assertEquals(Assert.java:132)
at org.testng.Assert.assertEquals(Assert.java:656)
at org.testng.Assert.assertEquals(Assert.java:666)
at stepdef.Stackstepdef.user_navigated_to_practice_page(Stackstepdef.java:107)
at ✽.User navigated to Practice Page(file:///C:/Users/golda/git/DsAlgoProject/DsAlgoProject/src/test/resources/Features/BStackpage.feature:55)
]]>
    </failure>
  </testcase> <!-- runScenario -->
  <testcase classname="runner.DsAlgoTestNGRunner" name="runScenario" time="5.626"/>
  <testcase classname="runner.DsAlgoTestNGRunner" name="runScenario" time="4.832"/>
  <testcase classname="runner.DsAlgoTestNGRunner" name="runScenario" time="0.300"/>
  <testcase classname="runner.DsAlgoTestNGRunner" name="runScenario" time="1.035"/>
  <testcase classname="runner.DsAlgoTestNGRunner" name="runScenario" time="2.590"/>
  <testcase classname="runner.DsAlgoTestNGRunner" name="runScenario" time="0.356"/>
  <testcase classname="runner.DsAlgoTestNGRunner" name="runScenario" time="2.714"/>
  <testcase classname="runner.DsAlgoTestNGRunner" name="runScenario" time="1.786"/>
  <testcase classname="runner.DsAlgoTestNGRunner" name="runScenario" time="0.615">
    <failure message="expected:&lt;[ Practice Questions ]&gt; but was:&lt;[Practice Questions]&gt;" type="org.junit.ComparisonFailure">
      <![CDATA[org.junit.ComparisonFailure: expected:<[ Practice Questions ]> but was:<[Practice Questions]>
at org.junit.Assert.assertEquals(Assert.java:117)
at org.junit.Assert.assertEquals(Assert.java:146)
at stepdef.QueuePageStep.user_navigated_to_queue_practise_test_page(QueuePageStep.java:91)
at ✽.User navigated to Queue Practise Test page(file:///C:/Users/golda/git/DsAlgoProject/DsAlgoProject/src/test/resources/Features/FQueue.feature:60)
]]>
    </failure>
  </testcase> <!-- runScenario -->
  <testcase classname="runner.DsAlgoTestNGRunner" name="runScenario" time="4.725"/>
  <testcase classname="runner.DsAlgoTestNGRunner" name="runScenario" time="1.689"/>
  <testcase classname="runner.DsAlgoTestNGRunner" name="runScenario" time="0.302"/>
  <testcase classname="runner.DsAlgoTestNGRunner" name="runScenario" time="0.468"/>
  <testcase classname="runner.DsAlgoTestNGRunner" name="runScenario" time="0.277"/>
  <testcase classname="runner.DsAlgoTestNGRunner" name="runScenario" time="2.707"/>
  <testcase classname="runner.DsAlgoTestNGRunner" name="runScenario" time="0.501"/>
  <testcase classname="runner.DsAlgoTestNGRunner" name="runScenario" time="1.519"/>
  <testcase classname="runner.DsAlgoTestNGRunner" name="runScenario" time="3.301"/>
  <testcase classname="runner.DsAlgoTestNGRunner" name="runScenario" time="0.679"/>
  <testcase classname="runner.DsAlgoTestNGRunner" name="runScenario" time="4.777"/>
  <testcase classname="runner.DsAlgoTestNGRunner" name="runScenario" time="2.672"/>
  <testcase classname="runner.DsAlgoTestNGRunner" name="runScenario" time="4.702"/>
  <testcase classname="runner.DsAlgoTestNGRunner" name="runScenario" time="0.322"/>
  <testcase classname="runner.DsAlgoTestNGRunner" name="runScenario" time="2.494"/>
  <testcase classname="runner.DsAlgoTestNGRunner" name="runScenario" time="0.307"/>
  <testcase classname="runner.DsAlgoTestNGRunner" name="runScenario" time="1.112"/>
  <testcase classname="runner.DsAlgoTestNGRunner" name="runScenario" time="1.529"/>
  <testcase classname="runner.DsAlgoTestNGRunner" name="runScenario" time="1.063"/>
  <testcase classname="runner.DsAlgoTestNGRunner" name="runScenario" time="1.079"/>
  <testcase classname="runner.DsAlgoTestNGRunner" name="runScenario" time="1.280"/>
  <testcase classname="runner.DsAlgoTestNGRunner" name="runScenario" time="0.376"/>
  <testcase classname="runner.DsAlgoTestNGRunner" name="runScenario" time="0.919"/>
  <testcase classname="runner.DsAlgoTestNGRunner" name="runScenario" time="3.045"/>
  <testcase classname="runner.DsAlgoTestNGRunner" name="runScenario" time="0.702"/>
  <testcase classname="runner.DsAlgoTestNGRunner" name="runScenario" time="4.743"/>
  <testcase classname="runner.DsAlgoTestNGRunner" name="runScenario" time="0.870"/>
  <testcase classname="runner.DsAlgoTestNGRunner" name="runScenario" time="5.499"/>
  <testcase classname="runner.DsAlgoTestNGRunner" name="runScenario" time="2.746"/>
  <testcase classname="runner.DsAlgoTestNGRunner" name="runScenario" time="0.312"/>
  <testcase classname="runner.DsAlgoTestNGRunner" name="runScenario" time="2.679"/>
  <testcase classname="runner.DsAlgoTestNGRunner" name="runScenario" time="0.766"/>
  <testcase classname="runner.DsAlgoTestNGRunner" name="runScenario" time="1.344"/>
  <testcase classname="runner.DsAlgoTestNGRunner" name="runScenario" time="4.731"/>
  <testcase classname="runner.DsAlgoTestNGRunner" name="runScenario" time="5.492"/>
  <testcase classname="runner.DsAlgoTestNGRunner" name="runScenario" time="0.629"/>
  <testcase classname="runner.DsAlgoTestNGRunner" name="runScenario" time="2.923"/>
  <testcase classname="runner.DsAlgoTestNGRunner" name="runScenario" time="1.523"/>
  <testcase classname="runner.DsAlgoTestNGRunner" name="runScenario" time="1.585"/>
  <testcase classname="runner.DsAlgoTestNGRunner" name="runScenario" time="2.978"/>
  <testcase classname="runner.DsAlgoTestNGRunner" name="runScenario" time="2.737"/>
  <testcase classname="runner.DsAlgoTestNGRunner" name="runScenario" time="0.842"/>
  <testcase classname="runner.DsAlgoTestNGRunner" name="runScenario" time="2.470"/>
  <testcase classname="runner.DsAlgoTestNGRunner" name="runScenario" time="0.947"/>
  <testcase classname="runner.DsAlgoTestNGRunner" name="runScenario" time="0.496"/>
  <testcase classname="runner.DsAlgoTestNGRunner" name="runScenario" time="5.597"/>
  <testcase classname="runner.DsAlgoTestNGRunner" name="runScenario" time="2.691"/>
  <testcase classname="runner.DsAlgoTestNGRunner" name="runScenario" time="5.651"/>
  <testcase classname="runner.DsAlgoTestNGRunner" name="runScenario" time="3.223"/>
  <testcase classname="runner.DsAlgoTestNGRunner" name="runScenario" time="1.114"/>
  <testcase classname="runner.DsAlgoTestNGRunner" name="runScenario" time="0.971"/>
  <testcase classname="runner.DsAlgoTestNGRunner" name="runScenario" time="0.957"/>
  <testcase classname="runner.DsAlgoTestNGRunner" name="runScenario" time="5.624"/>
  <testcase classname="runner.DsAlgoTestNGRunner" name="runScenario" time="0.824"/>
  <testcase classname="runner.DsAlgoTestNGRunner" name="runScenario" time="3.421"/>
  <testcase classname="runner.DsAlgoTestNGRunner" name="runScenario" time="1.443"/>
  <testcase classname="runner.DsAlgoTestNGRunner" name="runScenario" time="2.813"/>
  <testcase classname="runner.DsAlgoTestNGRunner" name="runScenario" time="2.036"/>
  <testcase classname="runner.DsAlgoTestNGRunner" name="runScenario" time="3.338"/>
  <testcase classname="runner.DsAlgoTestNGRunner" name="runScenario" time="5.593"/>
  <testcase classname="runner.DsAlgoTestNGRunner" name="runScenario" time="1.082"/>
  <testcase classname="runner.DsAlgoTestNGRunner" name="runScenario" time="4.696"/>
  <testcase classname="runner.DsAlgoTestNGRunner" name="runScenario" time="0.273"/>
  <testcase classname="runner.DsAlgoTestNGRunner" name="runScenario" time="4.625"/>
  <testcase classname="runner.DsAlgoTestNGRunner" name="runScenario" time="1.289"/>
  <testcase classname="runner.DsAlgoTestNGRunner" name="runScenario" time="2.881"/>
  <testcase classname="runner.DsAlgoTestNGRunner" name="runScenario" time="0.811"/>
  <testcase classname="runner.DsAlgoTestNGRunner" name="runScenario" time="4.702"/>
  <testcase classname="runner.DsAlgoTestNGRunner" name="runScenario" time="0.786"/>
  <testcase classname="runner.DsAlgoTestNGRunner" name="runScenario" time="0.850"/>
  <testcase classname="runner.DsAlgoTestNGRunner" name="runScenario" time="2.672"/>
  <testcase classname="runner.DsAlgoTestNGRunner" name="runScenario" time="1.323"/>
  <testcase classname="runner.DsAlgoTestNGRunner" name="runScenario" time="0.291"/>
  <testcase classname="runner.DsAlgoTestNGRunner" name="runScenario" time="1.509"/>
  <testcase classname="runner.DsAlgoTestNGRunner" name="runScenario" time="0.869"/>
  <testcase classname="runner.DsAlgoTestNGRunner" name="runScenario" time="0.799"/>
  <testcase classname="runner.DsAlgoTestNGRunner" name="runScenario" time="2.779"/>
  <testcase classname="runner.DsAlgoTestNGRunner" name="runScenario" time="0.670"/>
  <testcase classname="runner.DsAlgoTestNGRunner" name="runScenario" time="1.095"/>
  <testcase classname="runner.DsAlgoTestNGRunner" name="runScenario" time="2.728"/>
  <testcase classname="runner.DsAlgoTestNGRunner" name="runScenario" time="1.113"/>
  <testcase classname="runner.DsAlgoTestNGRunner" name="runScenario" time="0.310"/>
  <testcase classname="runner.DsAlgoTestNGRunner" name="runScenario" time="0.302"/>
  <testcase classname="runner.DsAlgoTestNGRunner" name="runScenario" time="1.359"/>
  <testcase classname="runner.DsAlgoTestNGRunner" name="runScenario" time="0.472"/>
  <testcase classname="runner.DsAlgoTestNGRunner" name="runScenario" time="1.190"/>
  <testcase classname="runner.DsAlgoTestNGRunner" name="runScenario" time="2.752"/>
  <testcase classname="runner.DsAlgoTestNGRunner" name="runScenario" time="4.826"/>
  <testcase classname="runner.DsAlgoTestNGRunner" name="runScenario" time="0.972"/>
  <testcase classname="runner.DsAlgoTestNGRunner" name="runScenario" time="2.776"/>
  <testcase classname="runner.DsAlgoTestNGRunner" name="runScenario" time="0.953"/>
  <testcase classname="runner.DsAlgoTestNGRunner" name="runScenario" time="2.757"/>
  <testcase classname="runner.DsAlgoTestNGRunner" name="runScenario" time="0.290"/>
  <testcase classname="runner.DsAlgoTestNGRunner" name="runScenario" time="0.287"/>
  <testcase classname="runner.DsAlgoTestNGRunner" name="runScenario" time="1.233"/>
  <testcase classname="runner.DsAlgoTestNGRunner" name="runScenario" time="0.590"/>
  <testcase classname="runner.DsAlgoTestNGRunner" name="runScenario" time="1.171"/>
  <testcase classname="runner.DsAlgoTestNGRunner" name="runScenario" time="2.560"/>
  <testcase classname="runner.DsAlgoTestNGRunner" name="runScenario" time="0.314"/>
  <testcase classname="runner.DsAlgoTestNGRunner" name="runScenario" time="1.438"/>
  <testcase classname="runner.DsAlgoTestNGRunner" name="runScenario" time="2.555"/>
  <testcase classname="runner.DsAlgoTestNGRunner" name="runScenario" time="2.480"/>
  <testcase classname="runner.DsAlgoTestNGRunner" name="runScenario" time="0.236"/>
  <testcase classname="runner.DsAlgoTestNGRunner" name="runScenario" time="5.523"/>
  <testcase classname="runner.DsAlgoTestNGRunner" name="runScenario" time="2.653"/>
  <testcase classname="runner.DsAlgoTestNGRunner" name="runScenario" time="2.802"/>
  <testcase classname="runner.DsAlgoTestNGRunner" name="runScenario" time="2.815"/>
  <testcase classname="runner.DsAlgoTestNGRunner" name="runScenario" time="2.946"/>
  <testcase classname="runner.DsAlgoTestNGRunner" name="runScenario" time="0.274"/>
  <testcase classname="runner.DsAlgoTestNGRunner" name="runScenario" time="2.581"/>
  <testcase classname="runner.DsAlgoTestNGRunner" name="runScenario" time="0.533"/>
  <testcase classname="runner.DsAlgoTestNGRunner" name="runScenario" time="0.728"/>
  <testcase classname="runner.DsAlgoTestNGRunner" name="runScenario" time="4.790"/>
  <testcase classname="runner.DsAlgoTestNGRunner" name="runScenario" time="1.502">
    <error message="The step &#039;User clicks on  graph Run button&#039; is undefined.
You can implement this step using the snippet(s) below:

@When(&quot;User clicks on  graph Run button&quot;)
public void user_clicks_on_graph_run_button() {
    // Write code here that turns the phrase above into concrete actions
    throw new io.cucumber.java.PendingException();
}
" type="io.cucumber.testng.UndefinedStepException">
      <![CDATA[io.cucumber.testng.UndefinedStepException: The step 'User clicks on  graph Run button' is undefined.
You can implement this step using the snippet(s) below:

@When("User clicks on  graph Run button")
public void user_clicks_on_graph_run_button() {
    // Write code here that turns the phrase above into concrete actions
    throw new io.cucumber.java.PendingException();
}

at io.cucumber.core.runtime.TestCaseResultObserver.assertTestCasePassed(TestCaseResultObserver.java:69)
at io.cucumber.testng.TestCaseResultObserver.assertTestCasePassed(TestCaseResultObserver.java:23)
at io.cucumber.testng.TestNGCucumberRunner.lambda$runScenario$1(TestNGCucumberRunner.java:136)
at io.cucumber.core.runtime.CucumberExecutionContext.lambda$runTestCase$5(CucumberExecutionContext.java:136)
at io.cucumber.core.runtime.RethrowingThrowableCollector.executeAndThrow(RethrowingThrowableCollector.java:23)
at io.cucumber.core.runtime.CucumberExecutionContext.runTestCase(CucumberExecutionContext.java:136)
at io.cucumber.testng.TestNGCucumberRunner.runScenario(TestNGCucumberRunner.java:132)
at io.cucumber.testng.AbstractTestNGCucumberTests.runScenario(AbstractTestNGCucumberTests.java:35)
at java.base/jdk.internal.reflect.DirectMethodHandleAccessor.invoke(DirectMethodHandleAccessor.java:103)
at java.base/java.lang.reflect.Method.invoke(Method.java:580)
at org.testng.internal.invokers.MethodInvocationHelper.invokeMethod(MethodInvocationHelper.java:141)
at org.testng.internal.invokers.TestInvoker.invokeMethod(TestInvoker.java:686)
at org.testng.internal.invokers.TestInvoker.invokeTestMethod(TestInvoker.java:230)
at org.testng.internal.invokers.MethodRunner.runInSequence(MethodRunner.java:63)
at org.testng.internal.invokers.TestInvoker$MethodInvocationAgent.invoke(TestInvoker.java:992)
at org.testng.internal.invokers.TestInvoker.invokeTestMethods(TestInvoker.java:203)
at org.testng.internal.invokers.TestMethodWorker.invokeTestMethods(TestMethodWorker.java:154)
at org.testng.internal.invokers.TestMethodWorker.run(TestMethodWorker.java:134)
at java.base/java.util.ArrayList.forEach(ArrayList.java:1597)
at org.testng.TestRunner.privateRun(TestRunner.java:739)
at org.testng.TestRunner.run(TestRunner.java:614)
at org.testng.SuiteRunner.runTest(SuiteRunner.java:421)
at org.testng.SuiteRunner.runSequentially(SuiteRunner.java:413)
at org.testng.SuiteRunner.privateRun(SuiteRunner.java:373)
at org.testng.SuiteRunner.run(SuiteRunner.java:312)
at org.testng.SuiteRunnerWorker.runSuite(SuiteRunnerWorker.java:52)
at org.testng.SuiteRunnerWorker.run(SuiteRunnerWorker.java:95)
at org.testng.TestNG.runSuitesSequentially(TestNG.java:1274)
at org.testng.TestNG.runSuitesLocally(TestNG.java:1208)
at org.testng.TestNG.runSuites(TestNG.java:1112)
at org.testng.TestNG.run(TestNG.java:1079)
at org.testng.remote.AbstractRemoteTestNG.run(AbstractRemoteTestNG.java:115)
at org.testng.remote.RemoteTestNG.initAndRun(RemoteTestNG.java:293)
at org.testng.remote.RemoteTestNG.main(RemoteTestNG.java:91)
]]>
    </error>
  </testcase> <!-- runScenario -->
  <testcase classname="runner.DsAlgoTestNGRunner" name="runScenario" time="2.700"/>
  <testcase classname="runner.DsAlgoTestNGRunner" name="runScenario" time="0.792"/>
</testsuite> <!-- runner.DsAlgoTestNGRunner -->
