<?xml version="1.0" encoding="UTF-8"?>
<!-- Generated by org.testng.reporters.JUnitReportReporter -->
<testsuite hostname="Joanna" failures="1" tests="96" name="runner.DsAlgoTestNGRunner" time="329.226" errors="15" timestamp="2024-11-24T11:18:28 GMT-05:00" skipped="0">
  <testcase classname="runner.DsAlgoTestNGRunner" name="runScenario" time="3.907"/>
  <testcase classname="runner.DsAlgoTestNGRunner" name="runScenario" time="5.156"/>
  <testcase classname="runner.DsAlgoTestNGRunner" name="runScenario" time="1.017">
    <error message="Cannot invoke &quot;pageobject.LinkedListPageObject.click_Intro_tryhere()&quot; because &quot;this.llPageObject&quot; is null" type="java.lang.NullPointerException">
      <![CDATA[java.lang.NullPointerException: Cannot invoke "pageobject.LinkedListPageObject.click_Intro_tryhere()" because "this.llPageObject" is null
at stepdef.LinkedListPageStep.user_clicks_on_sub_try_here_link(LinkedListPageStep.java:219)
at ✽.User clicks on sub Try Here link(file:///C:/Users/golda/git/DsAlgoProject/DsAlgoProject/src/test/resources/Features/BGTree.feature:262)
]]>
    </error>
  </testcase> <!-- runScenario -->
  <testcase classname="runner.DsAlgoTestNGRunner" name="runScenario" time="3.638"/>
  <testcase classname="runner.DsAlgoTestNGRunner" name="runScenario" time="0.592"/>
  <testcase classname="runner.DsAlgoTestNGRunner" name="runScenario" time="2.936"/>
  <testcase classname="runner.DsAlgoTestNGRunner" name="runScenario" time="3.712"/>
  <testcase classname="runner.DsAlgoTestNGRunner" name="runScenario" time="1.163">
    <error message="Cannot invoke &quot;pageobject.LinkedListPageObject.click_Intro_tryhere()&quot; because &quot;this.llPageObject&quot; is null" type="java.lang.NullPointerException">
      <![CDATA[java.lang.NullPointerException: Cannot invoke "pageobject.LinkedListPageObject.click_Intro_tryhere()" because "this.llPageObject" is null
at stepdef.LinkedListPageStep.user_clicks_on_sub_try_here_link(LinkedListPageStep.java:219)
at ✽.User clicks on sub Try Here link(file:///C:/Users/golda/git/DsAlgoProject/DsAlgoProject/src/test/resources/Features/BGTree.feature:248)
]]>
    </error>
  </testcase> <!-- runScenario -->
  <testcase classname="runner.DsAlgoTestNGRunner" name="runScenario" time="5.891"/>
  <testcase classname="runner.DsAlgoTestNGRunner" name="runScenario" time="6.001"/>
  <testcase classname="runner.DsAlgoTestNGRunner" name="runScenario" time="3.039"/>
  <testcase classname="runner.DsAlgoTestNGRunner" name="runScenario" time="0.502"/>
  <testcase classname="runner.DsAlgoTestNGRunner" name="runScenario" time="5.135"/>
  <testcase classname="runner.DsAlgoTestNGRunner" name="runScenario" time="6.022"/>
  <testcase classname="runner.DsAlgoTestNGRunner" name="runScenario" time="5.104"/>
  <testcase classname="runner.DsAlgoTestNGRunner" name="runScenario" time="5.924"/>
  <testcase classname="runner.DsAlgoTestNGRunner" name="runScenario" time="3.539"/>
  <testcase classname="runner.DsAlgoTestNGRunner" name="runScenario" time="1.073">
    <error message="Cannot invoke &quot;pageobject.LinkedListPageObject.click_Intro_tryhere()&quot; because &quot;this.llPageObject&quot; is null" type="java.lang.NullPointerException">
      <![CDATA[java.lang.NullPointerException: Cannot invoke "pageobject.LinkedListPageObject.click_Intro_tryhere()" because "this.llPageObject" is null
at stepdef.LinkedListPageStep.user_clicks_on_sub_try_here_link(LinkedListPageStep.java:219)
at ✽.User clicks on sub Try Here link(file:///C:/Users/golda/git/DsAlgoProject/DsAlgoProject/src/test/resources/Features/BGTree.feature:191)
]]>
    </error>
  </testcase> <!-- runScenario -->
  <testcase classname="runner.DsAlgoTestNGRunner" name="runScenario" time="1.063">
    <error message="Cannot invoke &quot;pageobject.LinkedListPageObject.click_Intro_tryhere()&quot; because &quot;this.llPageObject&quot; is null" type="java.lang.NullPointerException">
      <![CDATA[java.lang.NullPointerException: Cannot invoke "pageobject.LinkedListPageObject.click_Intro_tryhere()" because "this.llPageObject" is null
at stepdef.LinkedListPageStep.user_clicks_on_sub_try_here_link(LinkedListPageStep.java:219)
at ✽.User clicks on sub Try Here link(file:///C:/Users/golda/git/DsAlgoProject/DsAlgoProject/src/test/resources/Features/BGTree.feature:277)
]]>
    </error>
  </testcase> <!-- runScenario -->
  <testcase classname="runner.DsAlgoTestNGRunner" name="runScenario" time="5.284"/>
  <testcase classname="runner.DsAlgoTestNGRunner" name="runScenario" time="3.650"/>
  <testcase classname="runner.DsAlgoTestNGRunner" name="runScenario" time="5.378"/>
  <testcase classname="runner.DsAlgoTestNGRunner" name="runScenario" time="1.518"/>
  <testcase classname="runner.DsAlgoTestNGRunner" name="runScenario" time="3.477"/>
  <testcase classname="runner.DsAlgoTestNGRunner" name="runScenario" time="5.581"/>
  <testcase classname="runner.DsAlgoTestNGRunner" name="runScenario" time="3.008"/>
  <testcase classname="runner.DsAlgoTestNGRunner" name="runScenario" time="3.505"/>
  <testcase classname="runner.DsAlgoTestNGRunner" name="runScenario" time="3.681"/>
  <testcase classname="runner.DsAlgoTestNGRunner" name="runScenario" time="2.972"/>
  <testcase classname="runner.DsAlgoTestNGRunner" name="runScenario" time="3.566"/>
  <testcase classname="runner.DsAlgoTestNGRunner" name="runScenario" time="5.067"/>
  <testcase classname="runner.DsAlgoTestNGRunner" name="runScenario" time="3.538"/>
  <testcase classname="runner.DsAlgoTestNGRunner" name="runScenario" time="6.215"/>
  <testcase classname="runner.DsAlgoTestNGRunner" name="runScenario" time="6.046"/>
  <testcase classname="runner.DsAlgoTestNGRunner" name="runScenario" time="3.472"/>
  <testcase classname="runner.DsAlgoTestNGRunner" name="runScenario" time="3.530"/>
  <testcase classname="runner.DsAlgoTestNGRunner" name="runScenario" time="5.204"/>
  <testcase classname="runner.DsAlgoTestNGRunner" name="runScenario" time="1.061">
    <error message="Cannot invoke &quot;pageobject.LinkedListPageObject.click_Intro_tryhere()&quot; because &quot;this.llPageObject&quot; is null" type="java.lang.NullPointerException">
      <![CDATA[java.lang.NullPointerException: Cannot invoke "pageobject.LinkedListPageObject.click_Intro_tryhere()" because "this.llPageObject" is null
at stepdef.LinkedListPageStep.user_clicks_on_sub_try_here_link(LinkedListPageStep.java:219)
at ✽.User clicks on sub Try Here link(file:///C:/Users/golda/git/DsAlgoProject/DsAlgoProject/src/test/resources/Features/BGTree.feature:205)
]]>
    </error>
  </testcase> <!-- runScenario -->
  <testcase classname="runner.DsAlgoTestNGRunner" name="runScenario" time="0.530"/>
  <testcase classname="runner.DsAlgoTestNGRunner" name="runScenario" time="2.940"/>
  <testcase classname="runner.DsAlgoTestNGRunner" name="runScenario" time="6.370"/>
  <testcase classname="runner.DsAlgoTestNGRunner" name="runScenario" time="3.582"/>
  <testcase classname="runner.DsAlgoTestNGRunner" name="runScenario" time="4.156"/>
  <testcase classname="runner.DsAlgoTestNGRunner" name="runScenario" time="2.879"/>
  <testcase classname="runner.DsAlgoTestNGRunner" name="runScenario" time="6.001">
    <failure message="expected:&lt;[ Practice Questions ]&gt; but was:&lt;[Practice Questions]&gt;" type="org.junit.ComparisonFailure">
      <![CDATA[org.junit.ComparisonFailure: expected:<[ Practice Questions ]> but was:<[Practice Questions]>
at org.junit.Assert.assertEquals(Assert.java:117)
at org.junit.Assert.assertEquals(Assert.java:146)
at stepdef.QueuePageStep.user_navigated_to_practise_test_page(QueuePageStep.java:92)
at ✽.User navigated to Practise Test page(file:///C:/Users/golda/git/DsAlgoProject/DsAlgoProject/src/test/resources/Features/FQueue.feature:60)
]]>
    </failure>
  </testcase> <!-- runScenario -->
  <testcase classname="runner.DsAlgoTestNGRunner" name="runScenario" time="2.977"/>
  <testcase classname="runner.DsAlgoTestNGRunner" name="runScenario" time="1.128">
    <error message="Cannot invoke &quot;pageobject.LinkedListPageObject.click_Intro_tryhere()&quot; because &quot;this.llPageObject&quot; is null" type="java.lang.NullPointerException">
      <![CDATA[java.lang.NullPointerException: Cannot invoke "pageobject.LinkedListPageObject.click_Intro_tryhere()" because "this.llPageObject" is null
at stepdef.LinkedListPageStep.user_clicks_on_sub_try_here_link(LinkedListPageStep.java:219)
at ✽.User clicks on sub Try Here link(file:///C:/Users/golda/git/DsAlgoProject/DsAlgoProject/src/test/resources/Features/BGTree.feature:177)
]]>
    </error>
  </testcase> <!-- runScenario -->
  <testcase classname="runner.DsAlgoTestNGRunner" name="runScenario" time="1.269">
    <error message="Cannot invoke &quot;pageobject.LinkedListPageObject.click_Intro_tryhere()&quot; because &quot;this.llPageObject&quot; is null" type="java.lang.NullPointerException">
      <![CDATA[java.lang.NullPointerException: Cannot invoke "pageobject.LinkedListPageObject.click_Intro_tryhere()" because "this.llPageObject" is null
at stepdef.LinkedListPageStep.user_clicks_on_sub_try_here_link(LinkedListPageStep.java:219)
at ✽.User clicks on sub Try Here link(file:///C:/Users/golda/git/DsAlgoProject/DsAlgoProject/src/test/resources/Features/BGTree.feature:319)
]]>
    </error>
  </testcase> <!-- runScenario -->
  <testcase classname="runner.DsAlgoTestNGRunner" name="runScenario" time="3.357"/>
  <testcase classname="runner.DsAlgoTestNGRunner" name="runScenario" time="1.453"/>
  <testcase classname="runner.DsAlgoTestNGRunner" name="runScenario" time="1.658"/>
  <testcase classname="runner.DsAlgoTestNGRunner" name="runScenario" time="1.151">
    <error message="Cannot invoke &quot;pageobject.LinkedListPageObject.click_Intro_tryhere()&quot; because &quot;this.llPageObject&quot; is null" type="java.lang.NullPointerException">
      <![CDATA[java.lang.NullPointerException: Cannot invoke "pageobject.LinkedListPageObject.click_Intro_tryhere()" because "this.llPageObject" is null
at stepdef.LinkedListPageStep.user_clicks_on_sub_try_here_link(LinkedListPageStep.java:219)
at ✽.User clicks on sub Try Here link(file:///C:/Users/golda/git/DsAlgoProject/DsAlgoProject/src/test/resources/Features/BGTree.feature:291)
]]>
    </error>
  </testcase> <!-- runScenario -->
  <testcase classname="runner.DsAlgoTestNGRunner" name="runScenario" time="1.115">
    <error message="Cannot invoke &quot;pageobject.LinkedListPageObject.click_Intro_tryhere()&quot; because &quot;this.llPageObject&quot; is null" type="java.lang.NullPointerException">
      <![CDATA[java.lang.NullPointerException: Cannot invoke "pageobject.LinkedListPageObject.click_Intro_tryhere()" because "this.llPageObject" is null
at stepdef.LinkedListPageStep.user_clicks_on_sub_try_here_link(LinkedListPageStep.java:219)
at ✽.User clicks on sub Try Here link(file:///C:/Users/golda/git/DsAlgoProject/DsAlgoProject/src/test/resources/Features/BGTree.feature:234)
]]>
    </error>
  </testcase> <!-- runScenario -->
  <testcase classname="runner.DsAlgoTestNGRunner" name="runScenario" time="3.214"/>
  <testcase classname="runner.DsAlgoTestNGRunner" name="runScenario" time="2.972"/>
  <testcase classname="runner.DsAlgoTestNGRunner" name="runScenario" time="3.626"/>
  <testcase classname="runner.DsAlgoTestNGRunner" name="runScenario" time="5.750"/>
  <testcase classname="runner.DsAlgoTestNGRunner" name="runScenario" time="3.246"/>
  <testcase classname="runner.DsAlgoTestNGRunner" name="runScenario" time="6.224"/>
  <testcase classname="runner.DsAlgoTestNGRunner" name="runScenario" time="0.963">
    <error message="Cannot invoke &quot;util.ExcelReader.getData(String)&quot; because &quot;this.xcelRead&quot; is null" type="java.lang.NullPointerException">
      <![CDATA[java.lang.NullPointerException: Cannot invoke "util.ExcelReader.getData(String)" because "this.xcelRead" is null
at stepdef.TryEditorPageStep.user_enters_data_from_and(TryEditorPageStep.java:53)
at ✽.User enters data from "Sheet1" and 0(file:///C:/Users/golda/git/DsAlgoProject/DsAlgoProject/src/test/resources/Features/MGraph.feature:48)
]]>
    </error>
  </testcase> <!-- runScenario -->
  <testcase classname="runner.DsAlgoTestNGRunner" name="runScenario" time="3.087"/>
  <testcase classname="runner.DsAlgoTestNGRunner" name="runScenario" time="3.742"/>
  <testcase classname="runner.DsAlgoTestNGRunner" name="runScenario" time="5.144"/>
  <testcase classname="runner.DsAlgoTestNGRunner" name="runScenario" time="2.991"/>
  <testcase classname="runner.DsAlgoTestNGRunner" name="runScenario" time="1.699"/>
  <testcase classname="runner.DsAlgoTestNGRunner" name="runScenario" time="5.133"/>
  <testcase classname="runner.DsAlgoTestNGRunner" name="runScenario" time="5.881"/>
  <testcase classname="runner.DsAlgoTestNGRunner" name="runScenario" time="0.580"/>
  <testcase classname="runner.DsAlgoTestNGRunner" name="runScenario" time="4.924"/>
  <testcase classname="runner.DsAlgoTestNGRunner" name="runScenario" time="1.318"/>
  <testcase classname="runner.DsAlgoTestNGRunner" name="runScenario" time="1.029">
    <error message="Cannot invoke &quot;pageobject.LinkedListPageObject.click_Intro_tryhere()&quot; because &quot;this.llPageObject&quot; is null" type="java.lang.NullPointerException">
      <![CDATA[java.lang.NullPointerException: Cannot invoke "pageobject.LinkedListPageObject.click_Intro_tryhere()" because "this.llPageObject" is null
at stepdef.LinkedListPageStep.user_clicks_on_sub_try_here_link(LinkedListPageStep.java:219)
at ✽.User clicks on sub Try Here link(file:///C:/Users/golda/git/DsAlgoProject/DsAlgoProject/src/test/resources/Features/BGTree.feature:220)
]]>
    </error>
  </testcase> <!-- runScenario -->
  <testcase classname="runner.DsAlgoTestNGRunner" name="runScenario" time="3.692"/>
  <testcase classname="runner.DsAlgoTestNGRunner" name="runScenario" time="0.609"/>
  <testcase classname="runner.DsAlgoTestNGRunner" name="runScenario" time="5.961"/>
  <testcase classname="runner.DsAlgoTestNGRunner" name="runScenario" time="5.481"/>
  <testcase classname="runner.DsAlgoTestNGRunner" name="runScenario" time="1.558"/>
  <testcase classname="runner.DsAlgoTestNGRunner" name="runScenario" time="6.440">
    <error message="Cannot invoke &quot;org.openqa.selenium.WebDriver.getTitle()&quot; because &quot;this.driver&quot; is null" type="java.lang.NullPointerException">
      <![CDATA[java.lang.NullPointerException: Cannot invoke "org.openqa.selenium.WebDriver.getTitle()" because "this.driver" is null
at stepdef.QueuePageStep.user_navigated_to_practise_test_page(QueuePageStep.java:91)
at ✽.User navigated to Practise Test page(file:///C:/Users/golda/git/DsAlgoProject/DsAlgoProject/src/test/resources/Features/MGraph.feature:35)
]]>
    </error>
  </testcase> <!-- runScenario -->
  <testcase classname="runner.DsAlgoTestNGRunner" name="runScenario" time="1.480"/>
  <testcase classname="runner.DsAlgoTestNGRunner" name="runScenario" time="5.049"/>
  <testcase classname="runner.DsAlgoTestNGRunner" name="runScenario" time="3.001"/>
  <testcase classname="runner.DsAlgoTestNGRunner" name="runScenario" time="2.946"/>
  <testcase classname="runner.DsAlgoTestNGRunner" name="runScenario" time="3.487"/>
  <testcase classname="runner.DsAlgoTestNGRunner" name="runScenario" time="6.168">
    <error message="Cannot invoke &quot;org.openqa.selenium.WebDriver.getTitle()&quot; because &quot;this.driver&quot; is null" type="java.lang.NullPointerException">
      <![CDATA[java.lang.NullPointerException: Cannot invoke "org.openqa.selenium.WebDriver.getTitle()" because "this.driver" is null
at stepdef.QueuePageStep.user_navigated_to_practise_test_page(QueuePageStep.java:91)
at ✽.User navigated to Practise Test page(file:///C:/Users/golda/git/DsAlgoProject/DsAlgoProject/src/test/resources/Features/MGraph.feature:41)
]]>
    </error>
  </testcase> <!-- runScenario -->
  <testcase classname="runner.DsAlgoTestNGRunner" name="runScenario" time="1.855">
    <error message="Cannot invoke &quot;pageobject.LinkedListPageObject.click_Intro_tryhere()&quot; because &quot;this.llPageObject&quot; is null" type="java.lang.NullPointerException">
      <![CDATA[java.lang.NullPointerException: Cannot invoke "pageobject.LinkedListPageObject.click_Intro_tryhere()" because "this.llPageObject" is null
at stepdef.LinkedListPageStep.user_clicks_on_sub_try_here_link(LinkedListPageStep.java:219)
at ✽.User clicks on sub Try Here link(file:///C:/Users/golda/git/DsAlgoProject/DsAlgoProject/src/test/resources/Features/BGTree.feature:305)
]]>
    </error>
  </testcase> <!-- runScenario -->
  <testcase classname="runner.DsAlgoTestNGRunner" name="runScenario" time="6.192"/>
  <testcase classname="runner.DsAlgoTestNGRunner" name="runScenario" time="2.936"/>
  <testcase classname="runner.DsAlgoTestNGRunner" name="runScenario" time="3.556"/>
  <testcase classname="runner.DsAlgoTestNGRunner" name="runScenario" time="3.538"/>
  <testcase classname="runner.DsAlgoTestNGRunner" name="runScenario" time="5.165"/>
  <testcase classname="runner.DsAlgoTestNGRunner" name="runScenario" time="4.592"/>
  <testcase classname="runner.DsAlgoTestNGRunner" name="runScenario" time="1.613"/>
  <testcase classname="runner.DsAlgoTestNGRunner" name="runScenario" time="1.125">
    <error message="Cannot invoke &quot;util.ExcelReader.getData(String)&quot; because &quot;this.xcelRead&quot; is null" type="java.lang.NullPointerException">
      <![CDATA[java.lang.NullPointerException: Cannot invoke "util.ExcelReader.getData(String)" because "this.xcelRead" is null
at stepdef.TryEditorPageStep.user_enters_data_from_and(TryEditorPageStep.java:53)
at ✽.User enters data from "Sheet1" and 0(file:///C:/Users/golda/git/DsAlgoProject/DsAlgoProject/src/test/resources/Features/MGraph.feature:61)
]]>
    </error>
  </testcase> <!-- runScenario -->
  <testcase classname="runner.DsAlgoTestNGRunner" name="runScenario" time="1.816"/>
  <testcase classname="runner.DsAlgoTestNGRunner" name="runScenario" time="3.772"/>
  <testcase classname="runner.DsAlgoTestNGRunner" name="runScenario" time="2.515"/>
  <testcase classname="runner.DsAlgoTestNGRunner" name="runScenario" time="1.423"/>
</testsuite> <!-- runner.DsAlgoTestNGRunner -->
